<?xml version="1.0" encoding="UTF-8"?>
<!-- Generated by org.testng.reporters.JUnitXMLReporter -->
<testsuite hostname="DESKTOP-GVHQ29R" ignored="28" name="Default test" tests="1" failures="0" timestamp="03 Sep 2018 12:51:16 GMT" time="47.656" errors="0">
  <testcase name="Verify_ProdutBuilder_TMS" time="45.084" classname="AutomationFW.TestCase_WISELogin"/>
  <testcase name="Verify_Tool_Display" time="0.0" classname="AutomationFW.TestCase_WISELogin">
    <ignored/>
  </testcase> <!-- Verify_Tool_Display -->
  <testcase name="DocumentRendering_ProductDocument" time="0.0" classname="AutomationFW.TestCase_WISELogin">
    <ignored/>
  </testcase> <!-- DocumentRendering_ProductDocument -->
  <testcase name="Rating_ProcessDocument" time="0.0" classname="AutomationFW.TestCase_WISELogin">
    <ignored/>
  </testcase> <!-- Rating_ProcessDocument -->
  <testcase name="Verify_Copyright_Displayed" time="0.0" classname="AutomationFW.TestCase_WISELogin">
    <ignored/>
  </testcase> <!-- Verify_Copyright_Displayed -->
  <testcase name="NavigateToPDPPage" time="0.0" classname="AutomationFW.TestCase_WISELogin">
    <ignored/>
  </testcase> <!-- NavigateToPDPPage -->
  <testcase name="Verify_FooterSection_Displayed" time="0.0" classname="AutomationFW.TestCase_WISELogin">
    <ignored/>
  </testcase> <!-- Verify_FooterSection_Displayed -->
  <testcase name="Verify_PrivacyLink_Displayed" time="0.0" classname="AutomationFW.TestCase_WISELogin">
    <ignored/>
  </testcase> <!-- Verify_PrivacyLink_Displayed -->
  <testcase name="Verify_PDPImage" time="0.0" classname="AutomationFW.TestCase_WISELogin">
    <ignored/>
  </testcase> <!-- Verify_PDPImage -->
  <testcase name="Verify_ProductTab_Display" time="0.0" classname="AutomationFW.TestCase_WISELogin">
    <ignored/>
  </testcase> <!-- Verify_ProductTab_Display -->
  <testcase name="Verify_SitMap_Displayed" time="0.0" classname="AutomationFW.TestCase_WISELogin">
    <ignored/>
  </testcase> <!-- Verify_SitMap_Displayed -->
  <testcase name="Verify_ProcessTab_Display" time="0.0" classname="AutomationFW.TestCase_WISELogin">
    <ignored/>
  </testcase> <!-- Verify_ProcessTab_Display -->
  <testcase name="Verify_TermOfUse_Displayed" time="0.0" classname="AutomationFW.TestCase_WISELogin">
    <ignored/>
  </testcase> <!-- Verify_TermOfUse_Displayed -->
  <testcase name="Verify_Link_Display" time="0.0" classname="AutomationFW.TestCase_WISELogin">
    <ignored/>
  </testcase> <!-- Verify_Link_Display -->
  <testcase name="Feedback_ProcessDocument" time="0.0" classname="AutomationFW.TestCase_WISELogin">
    <ignored/>
  </testcase> <!-- Feedback_ProcessDocument -->
  <testcase name="SearchSKU" time="0.0" classname="AutomationFW.TestCase_WISELogin">
    <ignored/>
  </testcase> <!-- SearchSKU -->
  <testcase name="Search_ByProductTerm_ProdContext" time="0.0" classname="AutomationFW.TestCase_WISELogin">
    <ignored/>
  </testcase> <!-- Search_ByProductTerm_ProdContext -->
  <testcase name="NavigateToHomePage" time="0.0" classname="AutomationFW.TestCase_WISELogin">
    <ignored/>
  </testcase> <!-- NavigateToHomePage -->
  <testcase name="Rating_ProductDocument" time="0.0" classname="AutomationFW.TestCase_WISELogin">
    <ignored/>
  </testcase> <!-- Rating_ProductDocument -->
  <testcase name="PDPPage_TabsDIsplay" time="0.0" classname="AutomationFW.TestCase_WISELogin">
    <ignored/>
  </testcase> <!-- PDPPage_TabsDIsplay -->
  <testcase name="DocumentRendering_ManualDocument" time="0.0" classname="AutomationFW.TestCase_WISELogin">
    <ignored/>
  </testcase> <!-- DocumentRendering_ManualDocument -->
  <testcase name="Feedback_ProductDocument" time="0.0" classname="AutomationFW.TestCase_WISELogin">
    <ignored/>
  </testcase> <!-- Feedback_ProductDocument -->
  <testcase name="DocIDSearch_ProcessDocument" time="0.0" classname="AutomationFW.TestCase_WISELogin">
    <ignored/>
  </testcase> <!-- DocIDSearch_ProcessDocument -->
  <testcase name="DocumentRendering_ProcessDocument" time="0.0" classname="AutomationFW.TestCase_WISELogin">
    <ignored/>
  </testcase> <!-- DocumentRendering_ProcessDocument -->
  <testcase name="LoginToWise" time="0.0" classname="AutomationFW.TestCase_WISELogin">
    <ignored/>
  </testcase> <!-- LoginToWise -->
  <testcase name="UIExperiance_Toogle" time="0.0" classname="AutomationFW.TestCase_WISELogin">
    <ignored/>
  </testcase> <!-- UIExperiance_Toogle -->
  <testcase name="DocICSearch_ProductDocument" time="0.0" classname="AutomationFW.TestCase_WISELogin">
    <ignored/>
  </testcase> <!-- DocICSearch_ProductDocument -->
  <testcase name="Verify_HPLogo_Display" time="0.0" classname="AutomationFW.TestCase_WISELogin">
    <ignored/>
  </testcase> <!-- Verify_HPLogo_Display -->
  <testcase name="DocIDSearch_ManualDocument" time="0.0" classname="AutomationFW.TestCase_WISELogin">
    <ignored/>
  </testcase> <!-- DocIDSearch_ManualDocument -->
</testsuite> <!-- Default test -->
