<?xml version="1.0" encoding="UTF-8"?>
<!-- Generated by org.testng.reporters.JUnitXMLReporter -->
<testsuite hostname="USHYDANUJKSING5" ignored="0" name="Test" tests="29" failures="5" timestamp="18 Sep 2018 14:03:29 GMT" time="209.525" errors="0">
  <testcase name="LoginToWise" time="29.969" classname="AutomationFW.TestCase_WISELogin">
    <failure type="java.lang.AssertionError">
      <![CDATA[java.lang.AssertionError
	at ReusableLibraryActions.ObjectFound.ObjectFoundOnThePage(ObjectFound.java:132)
	at AutomationFW.TestCase_WISELogin.LoginToWise(TestCase_WISELogin.java:86)
	at java.util.concurrent.ThreadPoolExecutor.runWorker(ThreadPoolExecutor.java:1149)
	at java.util.concurrent.ThreadPoolExecutor$Worker.run(ThreadPoolExecutor.java:624)
	at java.lang.Thread.run(Thread.java:748)
... Removed 10 stack frames]]>
    </failure>
  </testcase> <!-- LoginToWise -->
  <testcase name="SearchSKU" time="0.0" classname="AutomationFW.TestCase_WISELogin">
    <skipped/>
  </testcase> <!-- SearchSKU -->
  <testcase name="NavigateToPDPPage" time="12.113" classname="AutomationFW.TestCase_WISELogin">
    <failure type="java.lang.ArrayIndexOutOfBoundsException" message="1">
      <![CDATA[java.lang.ArrayIndexOutOfBoundsException: 1
	at AutomationFW.TestCase_WISELogin.NavigateToPDPPage(TestCase_WISELogin.java:191)
	at java.util.concurrent.ThreadPoolExecutor.runWorker(ThreadPoolExecutor.java:1149)
	at java.util.concurrent.ThreadPoolExecutor$Worker.run(ThreadPoolExecutor.java:624)
	at java.lang.Thread.run(Thread.java:748)
... Removed 10 stack frames]]>
    </failure>
  </testcase> <!-- NavigateToPDPPage -->
  <testcase name="PDPPage_TabsDIsplay" time="21.322" classname="AutomationFW.TestCase_WISELogin">
    <failure type="java.lang.AssertionError" message="null">
      <![CDATA[java.lang.AssertionError: null
	at ReusableLibraryActions.AssertCls.AssertText(AssertCls.java:129)
	at AutomationFW.TestCase_WISELogin.PDPPage_TabsDIsplay(TestCase_WISELogin.java:226)
	at java.util.concurrent.ThreadPoolExecutor.runWorker(ThreadPoolExecutor.java:1149)
	at java.util.concurrent.ThreadPoolExecutor$Worker.run(ThreadPoolExecutor.java:624)
	at java.lang.Thread.run(Thread.java:748)
... Removed 12 stack frames]]>
    </failure>
  </testcase> <!-- PDPPage_TabsDIsplay -->
  <testcase name="NavigateToHomePage" time="5.38" classname="AutomationFW.TestCase_WISELogin"/>
  <testcase name="DocIDSearch_ProductDocument" time="6.238" classname="AutomationFW.TestCase_WISELogin"/>
  <testcase name="DocumentRendering_ProductDocument" time="5.633" classname="AutomationFW.TestCase_WISELogin"/>
  <testcase name="Rating_ProductDocument" time="2.236" classname="AutomationFW.TestCase_WISELogin"/>
  <testcase name="Feedback_ProductDocument" time="10.25" classname="AutomationFW.TestCase_WISELogin"/>
  <testcase name="DocIDSearch_ProcessDocument" time="6.011" classname="AutomationFW.TestCase_WISELogin"/>
  <testcase name="DocumentRendering_ProcessDocument" time="6.365" classname="AutomationFW.TestCase_WISELogin"/>
  <testcase name="DocIDSearch_ManualDocument" time="5.98" classname="AutomationFW.TestCase_WISELogin"/>
  <testcase name="DocumentRendering_ManualDocument" time="5.313" classname="AutomationFW.TestCase_WISELogin"/>
  <testcase name="Rating_ProcessDocument" time="3.955" classname="AutomationFW.TestCase_WISELogin"/>
  <testcase name="Feedback_ProcessDocument" time="10.229" classname="AutomationFW.TestCase_WISELogin"/>
  <testcase name="Search_ByProductTerm_ProdContext" time="8.07" classname="AutomationFW.TestCase_WISELogin"/>
  <testcase name="Verify_PDPImage" time="12.222" classname="AutomationFW.TestCase_WISELogin">
    <failure type="java.lang.AssertionError">
      <![CDATA[java.lang.AssertionError
	at ReusableLibraryActions.ObjectFound.ObjectFoundOnThePage(ObjectFound.java:132)
	at AutomationFW.TestCase_WISELogin.Verify_PDPImage(TestCase_WISELogin.java:687)
	at java.util.concurrent.ThreadPoolExecutor.runWorker(ThreadPoolExecutor.java:1149)
	at java.util.concurrent.ThreadPoolExecutor$Worker.run(ThreadPoolExecutor.java:624)
	at java.lang.Thread.run(Thread.java:748)
... Removed 10 stack frames]]>
    </failure>
  </testcase> <!-- Verify_PDPImage -->
  <testcase name="Verify_Tool_Display" time="3.127" classname="AutomationFW.TestCase_WISELogin"/>
  <testcase name="Verify_Link_Display" time="3.086" classname="AutomationFW.TestCase_WISELogin"/>
  <testcase name="UIExperiance_Toogle" time="29.099" classname="AutomationFW.TestCase_WISELogin"/>
  <testcase name="Verify_ProcessTab_Display" time="3.102" classname="AutomationFW.TestCase_WISELogin"/>
  <testcase name="Verify_ProductTab_Display" time="3.088" classname="AutomationFW.TestCase_WISELogin"/>
  <testcase name="Verify_HPLogo_Display" time="1.08" classname="AutomationFW.TestCase_WISELogin"/>
  <testcase name="Verify_FooterSection_Displayed" time="1.058" classname="AutomationFW.TestCase_WISELogin"/>
  <testcase name="Verify_SitMap_Displayed" time="3.062" classname="AutomationFW.TestCase_WISELogin"/>
  <testcase name="Verify_TermOfUse_Displayed" time="3.095" classname="AutomationFW.TestCase_WISELogin"/>
  <testcase name="Verify_PrivacyLink_Displayed" time="3.099" classname="AutomationFW.TestCase_WISELogin"/>
  <testcase name="Verify_Copyright_Displayed" time="3.094" classname="AutomationFW.TestCase_WISELogin"/>
  <testcase name="Verify_ProdutBuilder_TMS" time="2.047" classname="AutomationFW.TestCase_WISELogin">
    <failure type="java.lang.NoSuchMethodError" message="org.openqa.selenium.support.ui.WebDriverWait.until(Lcom/google/common/base/Function;)Ljava/lang/Object;">
      <![CDATA[java.lang.NoSuchMethodError: org.openqa.selenium.support.ui.WebDriverWait.until(Lcom/google/common/base/Function;)Ljava/lang/Object;
	at ReusableLibraryActions.Actions_PageFactory.buttonClick_PageFactory(Actions_PageFactory.java:43)
	at AutomationFW.TestCase_WISELogin.Verify_ProdutBuilder_TMS(TestCase_WISELogin.java:897)
	at java.util.concurrent.ThreadPoolExecutor.runWorker(ThreadPoolExecutor.java:1149)
	at java.util.concurrent.ThreadPoolExecutor$Worker.run(ThreadPoolExecutor.java:624)
	at java.lang.Thread.run(Thread.java:748)
... Removed 10 stack frames]]>
    </failure>
  </testcase> <!-- Verify_ProdutBuilder_TMS -->
</testsuite> <!-- Test -->
