<?xml version="1.0" encoding="UTF-8"?>
<!-- Generated by org.testng.reporters.JUnitXMLReporter -->
<testsuite hostname="DESKTOP-GVHQ29R" ignored="0" name="Test" tests="8" failures="1" timestamp="02 Aug 2018 22:56:08 GMT" time="72.468" errors="0">
  <testcase name="LoginToWise" time="24.391" classname="AutomationFW.TestCase_WISELogin"/>
  <testcase name="SearchSKU" time="7.648" classname="AutomationFW.TestCase_WISELogin"/>
  <testcase name="NavigateToPDPPage" time="4.482" classname="AutomationFW.TestCase_WISELogin"/>
  <testcase name="PDPPage_TabsDIsplay" time="9.072" classname="AutomationFW.TestCase_WISELogin"/>
  <testcase name="NavigateToHomePage" time="4.09" classname="AutomationFW.TestCase_WISELogin"/>
  <testcase name="DocICSearch_ProductDocument" time="5.467" classname="AutomationFW.TestCase_WISELogin"/>
  <testcase name="DocumentRendering_ProductDocument" time="4.574" classname="AutomationFW.TestCase_WISELogin"/>
  <testcase name="Rating_ProductDocument" time="10.207" classname="AutomationFW.TestCase_WISELogin">
    <failure type="java.lang.AssertionError">
      <![CDATA[java.lang.AssertionError
at AutomationFW.TestCase_WISELogin.Rating_ProductDocument(TestCase_WISELogin.java:321)
at java.util.concurrent.ThreadPoolExecutor.runWorker(ThreadPoolExecutor.java:1149)
at java.util.concurrent.ThreadPoolExecutor$Worker.run(ThreadPoolExecutor.java:624)
at java.lang.Thread.run(Thread.java:748)
... Removed 10 stack frames]]>
    </failure>
  </testcase> <!-- Rating_ProductDocument -->
</testsuite> <!-- Test -->
