<?xml version="1.0" encoding="UTF-8"?>
<testng-results skipped="0" failed="0" ignored="0" total="8" passed="8">
  <reporter-output>
  </reporter-output>
  <suite name="Suite" duration-ms="83935" started-at="2018-08-03T00:07:51Z" finished-at="2018-08-03T00:09:15Z">
    <groups>
    </groups>
    <test name="Test" duration-ms="83935" started-at="2018-08-03T00:07:51Z" finished-at="2018-08-03T00:09:15Z">
      <class name="AutomationFW.TestCase_WISELogin">
        <test-method status="PASS" signature="LoginToWise()[pri:1, instance:AutomationFW.TestCase_WISELogin@24d09c1]" name="LoginToWise" duration-ms="41263" started-at="2018-08-03T00:07:51Z" finished-at="2018-08-03T00:08:32Z">
          <reporter-output>
          </reporter-output>
        </test-method> <!-- LoginToWise -->
        <test-method status="PASS" signature="SearchSKU()[pri:2, instance:AutomationFW.TestCase_WISELogin@24d09c1]" name="SearchSKU" duration-ms="8214" started-at="2018-08-03T00:08:32Z" finished-at="2018-08-03T00:08:41Z">
          <reporter-output>
          </reporter-output>
        </test-method> <!-- SearchSKU -->
        <test-method status="PASS" signature="NavigateToPDPPage()[pri:3, instance:AutomationFW.TestCase_WISELogin@24d09c1]" name="NavigateToPDPPage" duration-ms="5015" started-at="2018-08-03T00:08:41Z" finished-at="2018-08-03T00:08:46Z">
          <reporter-output>
          </reporter-output>
        </test-method> <!-- NavigateToPDPPage -->
        <test-method status="PASS" signature="PDPPage_TabsDIsplay()[pri:4, instance:AutomationFW.TestCase_WISELogin@24d09c1]" name="PDPPage_TabsDIsplay" duration-ms="9080" started-at="2018-08-03T00:08:46Z" finished-at="2018-08-03T00:08:55Z">
          <reporter-output>
          </reporter-output>
        </test-method> <!-- PDPPage_TabsDIsplay -->
        <test-method status="PASS" signature="NavigateToHomePage()[pri:5, instance:AutomationFW.TestCase_WISELogin@24d09c1]" name="NavigateToHomePage" duration-ms="4040" started-at="2018-08-03T00:08:55Z" finished-at="2018-08-03T00:08:59Z">
          <reporter-output>
          </reporter-output>
        </test-method> <!-- NavigateToHomePage -->
        <test-method status="PASS" signature="DocICSearch_ProductDocument()[pri:6, instance:AutomationFW.TestCase_WISELogin@24d09c1]" name="DocICSearch_ProductDocument" duration-ms="5838" started-at="2018-08-03T00:08:59Z" finished-at="2018-08-03T00:09:05Z">
          <reporter-output>
          </reporter-output>
        </test-method> <!-- DocICSearch_ProductDocument -->
        <test-method status="PASS" signature="DocumentRendering_ProductDocument()[pri:7, instance:AutomationFW.TestCase_WISELogin@24d09c1]" name="DocumentRendering_ProductDocument" duration-ms="6646" started-at="2018-08-03T00:09:05Z" finished-at="2018-08-03T00:09:11Z">
          <reporter-output>
          </reporter-output>
        </test-method> <!-- DocumentRendering_ProductDocument -->
        <test-method status="PASS" signature="Rating_ProductDocument()[pri:8, instance:AutomationFW.TestCase_WISELogin@24d09c1]" name="Rating_ProductDocument" duration-ms="3674" started-at="2018-08-03T00:09:11Z" finished-at="2018-08-03T00:09:15Z">
          <reporter-output>
          </reporter-output>
        </test-method> <!-- Rating_ProductDocument -->
        <test-method status="FAIL" signature="tearDown()[pri:0, instance:AutomationFW.TestCase_WISELogin@24d09c1]" name="tearDown" is-config="true" duration-ms="84" started-at="2018-08-03T00:09:15Z" finished-at="2018-08-03T00:09:15Z">
          <exception class="org.openqa.selenium.NoSuchSessionException">
            <message>
              <![CDATA[no such session
  (Driver info: chromedriver=2.38.552522 (437e6fbedfa8762dec75e2c5b3ddb86763dc9dcb),platform=Windows NT 10.0.15063 x86_64) (WARNING: The server did not provide any stacktrace information)
Command duration or timeout: 0 milliseconds
Build info: version: '3.13.0', revision: '2f0d292', time: '2018-06-25T15:32:14.902Z'
System info: host: 'DESKTOP-GVHQ29R', ip: '172.20.150.118', os.name: 'Windows 10', os.arch: 'amd64', os.version: '10.0', java.version: '1.8.0_181'
Driver info: org.openqa.selenium.chrome.ChromeDriver
Capabilities {acceptInsecureCerts: false, acceptSslCerts: false, applicationCacheEnabled: false, browserConnectionEnabled: false, browserName: chrome, chrome: {chromedriverVersion: 2.38.552522 (437e6fbedfa876..., userDataDir: D:\Users\sharmanu\AppData\L...}, cssSelectorsEnabled: true, databaseEnabled: false, handlesAlerts: true, hasTouchScreen: false, javascriptEnabled: true, locationContextEnabled: true, mobileEmulationEnabled: false, nativeEvents: true, networkConnectionEnabled: false, pageLoadStrategy: normal, platform: XP, platformName: XP, rotatable: false, setWindowRect: true, takesHeapSnapshot: true, takesScreenshot: true, unexpectedAlertBehaviour: , unhandledPromptBehavior: , version: 67.0.3396.99, webStorageEnabled: true}
Session ID: fa116f9a4144f8e524db2543fc9b329a]]>
            </message>
            <full-stacktrace>
              <![CDATA[org.openqa.selenium.NoSuchSessionException: no such session
  (Driver info: chromedriver=2.38.552522 (437e6fbedfa8762dec75e2c5b3ddb86763dc9dcb),platform=Windows NT 10.0.15063 x86_64) (WARNING: The server did not provide any stacktrace information)
Command duration or timeout: 0 milliseconds
Build info: version: '3.13.0', revision: '2f0d292', time: '2018-06-25T15:32:14.902Z'
System info: host: 'DESKTOP-GVHQ29R', ip: '172.20.150.118', os.name: 'Windows 10', os.arch: 'amd64', os.version: '10.0', java.version: '1.8.0_181'
Driver info: org.openqa.selenium.chrome.ChromeDriver
Capabilities {acceptInsecureCerts: false, acceptSslCerts: false, applicationCacheEnabled: false, browserConnectionEnabled: false, browserName: chrome, chrome: {chromedriverVersion: 2.38.552522 (437e6fbedfa876..., userDataDir: D:\Users\sharmanu\AppData\L...}, cssSelectorsEnabled: true, databaseEnabled: false, handlesAlerts: true, hasTouchScreen: false, javascriptEnabled: true, locationContextEnabled: true, mobileEmulationEnabled: false, nativeEvents: true, networkConnectionEnabled: false, pageLoadStrategy: normal, platform: XP, platformName: XP, rotatable: false, setWindowRect: true, takesHeapSnapshot: true, takesScreenshot: true, unexpectedAlertBehaviour: , unhandledPromptBehavior: , version: 67.0.3396.99, webStorageEnabled: true}
Session ID: fa116f9a4144f8e524db2543fc9b329a
at sun.reflect.NativeConstructorAccessorImpl.newInstance0(Native Method)
at sun.reflect.NativeConstructorAccessorImpl.newInstance(NativeConstructorAccessorImpl.java:62)
at sun.reflect.DelegatingConstructorAccessorImpl.newInstance(DelegatingConstructorAccessorImpl.java:45)
at java.lang.reflect.Constructor.newInstance(Constructor.java:423)
at org.openqa.selenium.remote.ErrorHandler.createThrowable(ErrorHandler.java:214)
at org.openqa.selenium.remote.ErrorHandler.throwIfResponseFailed(ErrorHandler.java:166)
at org.openqa.selenium.remote.http.JsonHttpResponseCodec.reconstructValue(JsonHttpResponseCodec.java:40)
at org.openqa.selenium.remote.http.AbstractHttpResponseCodec.decode(AbstractHttpResponseCodec.java:80)
at org.openqa.selenium.remote.http.AbstractHttpResponseCodec.decode(AbstractHttpResponseCodec.java:44)
at org.openqa.selenium.remote.HttpCommandExecutor.execute(HttpCommandExecutor.java:158)
at org.openqa.selenium.remote.service.DriverCommandExecutor.execute(DriverCommandExecutor.java:83)
at org.openqa.selenium.remote.RemoteWebDriver.execute(RemoteWebDriver.java:548)
at org.openqa.selenium.remote.RemoteWebDriver.execute(RemoteWebDriver.java:605)
at org.openqa.selenium.remote.RemoteWebDriver.close(RemoteWebDriver.java:438)
at AutomationFW.TestCase_WISELogin.tearDown(TestCase_WISELogin.java:46)
at sun.reflect.NativeMethodAccessorImpl.invoke0(Native Method)
at sun.reflect.NativeMethodAccessorImpl.invoke(NativeMethodAccessorImpl.java:62)
at sun.reflect.DelegatingMethodAccessorImpl.invoke(DelegatingMethodAccessorImpl.java:43)
at java.lang.reflect.Method.invoke(Method.java:498)
at org.testng.internal.MethodInvocationHelper.invokeMethod(MethodInvocationHelper.java:124)
at org.testng.internal.MethodInvocationHelper.invokeMethodConsideringTimeout(MethodInvocationHelper.java:59)
at org.testng.internal.Invoker.invokeConfigurationMethod(Invoker.java:458)
at org.testng.internal.Invoker.invokeConfigurations(Invoker.java:222)
at org.testng.internal.Invoker.invokeConfigurations(Invoker.java:142)
at org.testng.internal.TestMethodWorker.invokeAfterClassMethods(TestMethodWorker.java:214)
at org.testng.internal.TestMethodWorker.run(TestMethodWorker.java:111)
at java.util.concurrent.ThreadPoolExecutor.runWorker(ThreadPoolExecutor.java:1149)
at java.util.concurrent.ThreadPoolExecutor$Worker.run(ThreadPoolExecutor.java:624)
at java.lang.Thread.run(Thread.java:748)
]]>
            </full-stacktrace>
          </exception> <!-- org.openqa.selenium.NoSuchSessionException -->
          <reporter-output>
          </reporter-output>
        </test-method> <!-- tearDown -->
      </class> <!-- AutomationFW.TestCase_WISELogin -->
    </test> <!-- Test -->
  </suite> <!-- Suite -->
</testng-results>
